type_checker_benchmark/test_bench/control_flow/incorrect_narrowing.py:6: error: Argument 1 to "len" has incompatible type "int"; expected "Sized"  [arg-type]
type_checker_benchmark/test_bench/basic/wrong_return_type.py:2: error: Incompatible return value type (got "str", expected "int")  [return-value]
type_checker_benchmark/test_bench/basic/optional_misuse.py:5: error: Argument 1 to "len" has incompatible type "str | None"; expected "Sized"  [arg-type]
type_checker_benchmark/test_bench/basic/missing_return.py:1: error: Missing return statement  [return]
type_checker_benchmark/test_bench/basic/assignment_type_mismatch.py:1: error: Incompatible types in assignment (expression has type "str", variable has type "int")  [assignment]
type_checker_benchmark/test_bench/basic/argument_type_mismatch.py:5: error: Argument 1 to "square" has incompatible type "str"; expected "int"  [arg-type]
type_checker_benchmark/test_bench/advanced/variance_error.py:10: error: Argument 1 to "add_item" has incompatible type "list[str]"; expected "list[object]"  [arg-type]
type_checker_benchmark/test_bench/advanced/variance_error.py:10: note: "list" is invariant -- see https://mypy.readthedocs.io/en/stable/common_issues.html#variance
type_checker_benchmark/test_bench/advanced/variance_error.py:10: note: Consider using "Sequence" instead, which is covariant
type_checker_benchmark/test_bench/advanced/typeddict_key_error.py:9: error: Missing key "age" for TypedDict "User"  [typeddict-item]
type_checker_benchmark/test_bench/advanced/protocol_mismatch.py:18: error: Argument 1 to "save" has incompatible type "FileWriter"; expected "Writer"  [arg-type]
type_checker_benchmark/test_bench/advanced/protocol_mismatch.py:18: note: Following member(s) of "FileWriter" have conflicts:
type_checker_benchmark/test_bench/advanced/protocol_mismatch.py:18: note:     Expected:
type_checker_benchmark/test_bench/advanced/protocol_mismatch.py:18: note:         def write(self, data: str) -> int
type_checker_benchmark/test_bench/advanced/protocol_mismatch.py:18: note:     Got:
type_checker_benchmark/test_bench/advanced/protocol_mismatch.py:18: note:         def write(self, data: bytes) -> int
type_checker_benchmark/test_bench/advanced/generic_misuse.py:10: error: Argument 1 to "total" has incompatible type "list[str]"; expected "list[int]"  [arg-type]
Found 10 errors in 10 files (checked 11 source files)
